<?xml version="1.0" encoding="UTF-8"?>
<!-- Generated by org.testng.reporters.JUnitXMLReporter -->
<testsuite ignored="1" hostname="DESKTOP-AMGSKQ8" failures="0" tests="4" name="Test" time="13.437" errors="0" timestamp="2024-02-14T08:52:22 IST">
  <testcase classname="api.test.UserTest" name="createUserTest" time="6.256"/>
  <testcase classname="api.test.UserTest" name="getUserTest" time="1.22"/>
  <testcase classname="api.test.UserTest" name="updateUserTest" time="1.118"/>
  <testcase classname="api.test.UserTest" name="deleteUserTest" time="1.164"/>
  <testcase classname="api.test.UserTest" name="createUserTest1" time="0.0">
    <ignored/>
  </testcase> <!-- createUserTest1 -->
</testsuite> <!-- Test -->
