<?xml version="1.0" encoding="UTF-8"?>
<testng-results ignored="0" total="4" passed="4" failed="0" skipped="0">
  <reporter-output>
  </reporter-output>
  <suite started-at="2024-02-14T08:52:07 IST" name="Suite" finished-at="2024-02-14T08:52:20 IST" duration-ms="13437">
    <groups>
    </groups>
    <test started-at="2024-02-14T08:52:07 IST" name="Test" finished-at="2024-02-14T08:52:20 IST" duration-ms="13437">
      <class name="api.test.UserTest">
        <test-method is-config="true" signature="getFakeUser()[pri:0, instance:api.test.UserTest@53fe15ff]" started-at="2024-02-14T08:52:08 IST" name="getFakeUser" finished-at="2024-02-14T08:52:10 IST" duration-ms="2753" status="PASS">
          <reporter-output>
          </reporter-output>
        </test-method> <!-- getFakeUser -->
        <test-method signature="createUserTest()[pri:1, instance:api.test.UserTest@53fe15ff]" started-at="2024-02-14T08:52:10 IST" name="createUserTest" finished-at="2024-02-14T08:52:17 IST" duration-ms="6256" status="PASS">
          <reporter-output>
          </reporter-output>
        </test-method> <!-- createUserTest -->
        <test-method signature="getUserTest()[pri:2, instance:api.test.UserTest@53fe15ff]" started-at="2024-02-14T08:52:17 IST" name="getUserTest" finished-at="2024-02-14T08:52:18 IST" duration-ms="1220" status="PASS">
          <reporter-output>
          </reporter-output>
        </test-method> <!-- getUserTest -->
        <test-method signature="updateUserTest()[pri:3, instance:api.test.UserTest@53fe15ff]" started-at="2024-02-14T08:52:18 IST" name="updateUserTest" finished-at="2024-02-14T08:52:19 IST" duration-ms="1118" status="PASS">
          <reporter-output>
          </reporter-output>
        </test-method> <!-- updateUserTest -->
        <test-method signature="deleteUserTest()[pri:4, instance:api.test.UserTest@53fe15ff]" started-at="2024-02-14T08:52:19 IST" name="deleteUserTest" finished-at="2024-02-14T08:52:20 IST" duration-ms="1164" status="PASS">
          <reporter-output>
          </reporter-output>
        </test-method> <!-- deleteUserTest -->
      </class> <!-- api.test.UserTest -->
    </test> <!-- Test -->
  </suite> <!-- Suite -->
</testng-results>
